#
# There is insufficient memory for the Java Runtime Environment to continue.
# Native memory allocation (mmap) failed to map 268435456 bytes for G1 virtual space
# Possible reasons:
#   The system is out of physical RAM or swap space
#   The process is running with CompressedOops enabled, and the Java Heap may be blocking the growth of the native heap
# Possible solutions:
#   Reduce memory load on the system
#   Increase physical memory or swap space
#   Check if swap backing store is full
#   Decrease Java heap size (-Xmx/-Xms)
#   Decrease number of Java threads
#   Decrease Java thread stack sizes (-Xss)
#   Set larger code cache with -XX:ReservedCodeCacheSize=
#   JVM is running with Zero Based Compressed Oops mode in which the Java heap is
#     placed in the first 32GB address space. The Java Heap base address is the
#     maximum limit for the native heap growth. Please use -XX:HeapBaseMinAddress
#     to set the Java Heap base and to place the Java Heap above 32GB virtual address.
# This output file may be truncated or incomplete.
#
#  Out of Memory Error (./open/src/hotspot/os/windows/os_windows.cpp:3321), pid=11500, tid=6560
#
# JRE version:  (15.0.2+7) (build )
# Java VM: OpenJDK 64-Bit Server VM (15.0.2+7-27, mixed mode, sharing, tiered, compressed oops, g1 gc, windows-amd64)
# No core dump will be written. Minidumps are not enabled by default on client versions of Windows
#

---------------  S U M M A R Y ------------

Command Line: -Djava.library.path=F:\java-programming\org.eclipse.swt -Dfile.encoding=Cp1252 -XX:+ShowCodeDetailsInExceptionMessages blackjack.Blackjack

Host: AMD Ryzen 5 1600 Six-Core Processor            , 12 cores, 15G,  Windows 10 , 64 bit Build 19041 (10.0.19041.1023)
Time: Thu Jun 24 18:10:40 2021 Eastern Daylight Time elapsed time: 0.010815 seconds (0d 0h 0m 0s)

---------------  T H R E A D  ---------------

Current thread (0x000002d6f52b4eb0):  JavaThread "Unknown thread" [_thread_in_vm, id=6560, stack(0x000000e2aba00000,0x000000e2abb00000)]

Stack: [0x000000e2aba00000,0x000000e2abb00000]
Native frames: (J=compiled Java code, j=interpreted, Vv=VM code, C=native code)
V  [jvm.dll+0x62ae9a]
V  [jvm.dll+0x7817a9]
V  [jvm.dll+0x782f03]
V  [jvm.dll+0x783563]
V  [jvm.dll+0x216325]
V  [jvm.dll+0x6281d9]
V  [jvm.dll+0x61cf55]
V  [jvm.dll+0x2cffdd]
V  [jvm.dll+0x2cfe42]
V  [jvm.dll+0x2d5e1c]
V  [jvm.dll+0x32590a]
V  [jvm.dll+0x324fd4]
V  [jvm.dll+0x2a6f5a]
V  [jvm.dll+0x2a80f8]
V  [jvm.dll+0x75e241]
V  [jvm.dll+0x3341c4]
V  [jvm.dll+0x73e926]
V  [jvm.dll+0x3b7557]
V  [jvm.dll+0x3b8fe1]
C  [jli.dll+0x52fb]
C  [ucrtbase.dll+0x21bb2]
C  [KERNEL32.DLL+0x17034]
C  [ntdll.dll+0x52651]


---------------  P R O C E S S  ---------------

Threads class SMR info:
_java_thread_list=0x00007ff983054ff0, length=0, elements={
}

Java Threads: ( => current thread )

Other Threads:
  0x000002d6f53071f0 GCTaskThread "GC Thread#0" [stack: 0x000000e2abb00000,0x000000e2abc00000] [id=23780]
  0x000002d6f531aa50 ConcurrentGCThread "G1 Main Marker" [stack: 0x000000e2abc00000,0x000000e2abd00000] [id=22908]
  0x000002d6f531b550 ConcurrentGCThread "G1 Conc#0" [stack: 0x000000e2abd00000,0x000000e2abe00000] [id=24012]

[error occurred during error reporting (printing all threads), id 0xc0000005, EXCEPTION_ACCESS_VIOLATION (0xc0000005) at pc=0x00007ff982847e27]

VM state: not at safepoint (not fully initialized)

VM Mutex/Monitor currently owned by a thread:  ([mutex/lock_event])
[0x000002d6f52affa0] Heap_lock - owner thread: 0x000002d6f52b4eb0

Heap address: 0x0000000700c00000, size: 4084 MB, Compressed Oops mode: Zero based, Oop shift amount: 3
CDS archive(s) mapped at: [0x0000000000000000-0x0000000000000000-0x0000000000000000), size 0, SharedBaseAddress: 0x0000000800000000, ArchiveRelocationMode: 0.
Narrow klass base: 0x0000000000000000, Narrow klass shift: 0, Narrow klass range: 0x0

Heap:
 garbage-first heap   total 262144K, used 0K [0x0000000700c00000, 0x0000000800000000)
  region size 2048K, 0 young (0K), 0 survivors (0K)
 Metaspace       used 0K, capacity 0K, committed 0K, reserved 0K
  class space    used 0K, capacity 0K, committed 0K, reserved 0K

Heap Regions: E=young(eden), S=young(survivor), O=old, HS=humongous(starts), HC=humongous(continues), CS=collection set, F=free, OA=open archive, CA=closed archive, TAMS=top-at-mark-start (previous, next)

Card table byte_map: [0x000002d6fb950000,0x000002d6fc150000] _byte_map_base: 0x000002d6f814a000

Marking Bits (Prev, Next): (CMBitMap*) 0x000002d6f5308980, (CMBitMap*) 0x000002d6f53089c0
 Prev Bits: [0x000002d68f000000, 0x000002d692fd0000)
 Next Bits: [0x000002d692fd0000, 0x000002d696fa0000)

GC Heap History (0 events):
No events

Deoptimization events (0 events):
No events

Classes unloaded (0 events):
No events

Classes redefined (0 events):
No events

Internal exceptions (0 events):
No events

Events (1 events):
Event: 0.005 Loaded shared library C:\Users\daria\.p2\pool\plugins\org.eclipse.justj.openjdk.hotspot.jre.full.win32.x86_64_15.0.2.v20210201-0955\jre\bin\java.dll


Dynamic libraries:
0x00007ff734e40000 - 0x00007ff734e4d000 	C:\Users\daria\.p2\pool\plugins\org.eclipse.justj.openjdk.hotspot.jre.full.win32.x86_64_15.0.2.v20210201-0955\jre\bin\javaw.exe
0x00007ff9f3690000 - 0x00007ff9f3885000 	C:\Windows\SYSTEM32\ntdll.dll
0x00007ff9f3380000 - 0x00007ff9f343d000 	C:\Windows\System32\KERNEL32.DLL
0x00007ff9f1240000 - 0x00007ff9f1508000 	C:\Windows\System32\KERNELBASE.dll
0x00007ff9f0f40000 - 0x00007ff9f1040000 	C:\Windows\System32\ucrtbase.dll
0x00007ff9e34d0000 - 0x00007ff9e34e8000 	C:\Users\daria\.p2\pool\plugins\org.eclipse.justj.openjdk.hotspot.jre.full.win32.x86_64_15.0.2.v20210201-0955\jre\bin\jli.dll
0x00007ff9e34b0000 - 0x00007ff9e34c9000 	C:\Users\daria\.p2\pool\plugins\org.eclipse.justj.openjdk.hotspot.jre.full.win32.x86_64_15.0.2.v20210201-0955\jre\bin\VCRUNTIME140.dll
0x00007ff9f2d70000 - 0x00007ff9f2f10000 	C:\Windows\System32\USER32.dll
0x00007ff9f0f10000 - 0x00007ff9f0f32000 	C:\Windows\System32\win32u.dll
0x00007ff9e5100000 - 0x00007ff9e539a000 	C:\Windows\WinSxS\amd64_microsoft.windows.common-controls_6595b64144ccf1df_6.0.19041.1052_none_60b8f8fd71f5e8cb\COMCTL32.dll
0x00007ff9f1e40000 - 0x00007ff9f1e6a000 	C:\Windows\System32\GDI32.dll
0x00007ff9f21e0000 - 0x00007ff9f227e000 	C:\Windows\System32\msvcrt.dll
0x00007ff9f10e0000 - 0x00007ff9f11eb000 	C:\Windows\System32\gdi32full.dll
0x00007ff9f1040000 - 0x00007ff9f10dd000 	C:\Windows\System32\msvcp_win.dll
0x00007ff9f1e70000 - 0x00007ff9f1ea0000 	C:\Windows\System32\IMM32.DLL
0x00007ff9ec660000 - 0x00007ff9ec66c000 	C:\Users\daria\.p2\pool\plugins\org.eclipse.justj.openjdk.hotspot.jre.full.win32.x86_64_15.0.2.v20210201-0955\jre\bin\vcruntime140_1.dll
0x00007ff9dcaf0000 - 0x00007ff9dcb81000 	C:\Users\daria\.p2\pool\plugins\org.eclipse.justj.openjdk.hotspot.jre.full.win32.x86_64_15.0.2.v20210201-0955\jre\bin\msvcp140.dll
0x00007ff982590000 - 0x00007ff9830ee000 	C:\Users\daria\.p2\pool\plugins\org.eclipse.justj.openjdk.hotspot.jre.full.win32.x86_64_15.0.2.v20210201-0955\jre\bin\server\jvm.dll
0x00007ff9f25e0000 - 0x00007ff9f268c000 	C:\Windows\System32\ADVAPI32.dll
0x00007ff9f1ff0000 - 0x00007ff9f208b000 	C:\Windows\System32\sechost.dll
0x00007ff9f2090000 - 0x00007ff9f21bb000 	C:\Windows\System32\RPCRT4.dll
0x00007ff9f2d60000 - 0x00007ff9f2d68000 	C:\Windows\System32\PSAPI.DLL
0x00007ff9edf60000 - 0x00007ff9edf69000 	C:\Windows\SYSTEM32\WSOCK32.dll
0x00007ff9f1f20000 - 0x00007ff9f1f8b000 	C:\Windows\System32\WS2_32.dll
0x00007ff9e9f90000 - 0x00007ff9e9f9a000 	C:\Windows\SYSTEM32\VERSION.dll
0x00007ff9e68a0000 - 0x00007ff9e68c7000 	C:\Windows\SYSTEM32\WINMM.dll
0x00007ff9ef6c0000 - 0x00007ff9ef6d2000 	C:\Windows\SYSTEM32\kernel.appcore.dll
0x00007ff9ec6e0000 - 0x00007ff9ec6ea000 	C:\Users\daria\.p2\pool\plugins\org.eclipse.justj.openjdk.hotspot.jre.full.win32.x86_64_15.0.2.v20210201-0955\jre\bin\jimage.dll
0x00007ff9eebb0000 - 0x00007ff9eed94000 	C:\Windows\SYSTEM32\DBGHELP.DLL
0x00007ff9dba20000 - 0x00007ff9dba4c000 	C:\Windows\SYSTEM32\dbgcore.DLL
0x00007ff9f0e80000 - 0x00007ff9f0f03000 	C:\Windows\System32\bcryptPrimitives.dll
0x00007ff9dcda0000 - 0x00007ff9dcdc5000 	C:\Users\daria\.p2\pool\plugins\org.eclipse.justj.openjdk.hotspot.jre.full.win32.x86_64_15.0.2.v20210201-0955\jre\bin\java.dll

dbghelp: loaded successfully - version: 4.0.5 - missing functions: none
symbol engine: initialized successfully - sym options: 0x614 - pdb path: .;C:\Users\daria\.p2\pool\plugins\org.eclipse.justj.openjdk.hotspot.jre.full.win32.x86_64_15.0.2.v20210201-0955\jre\bin;C:\Windows\SYSTEM32;C:\Windows\WinSxS\amd64_microsoft.windows.common-controls_6595b64144ccf1df_6.0.19041.1052_none_60b8f8fd71f5e8cb;C:\Users\daria\.p2\pool\plugins\org.eclipse.justj.openjdk.hotspot.jre.full.win32.x86_64_15.0.2.v20210201-0955\jre\bin\server

VM Arguments:
jvm_args: -Djava.library.path=F:\java-programming\org.eclipse.swt -Dfile.encoding=Cp1252 -XX:+ShowCodeDetailsInExceptionMessages 
java_command: blackjack.Blackjack
java_class_path (initial): F:\java-programming\Blackjack\bin;F:\java-programming\org.eclipse.swt;F:\java-programming\org.eclipse.swt\swt.jar;F:\java-programming\batik-1.14\batik-swing\target\classes;F:\java-programming\batik-1.14\batik-anim\target\classes;F:\java-programming\batik-1.14\batik-awt-util\target\classes;F:\java-programming\batik-1.14\batik-shared-resources\target\classes;F:\java-programming\batik-1.14\batik-util\target\classes;F:\java-programming\batik-1.14\batik-constants\target\classes;F:\java-programming\batik-1.14\batik-i18n\target\classes;F:\java-programming\batik-1.14\batik-test\target\classes;C:\Users\daria\.m2\repository\junit\junit\4.11\junit-4.11.jar;C:\Users\daria\.m2\repository\org\hamcrest\hamcrest-core\1.3\hamcrest-core-1.3.jar;C:\Users\daria\.m2\repository\org\apache\xmlgraphics\xmlgraphics-commons\2.6\xmlgraphics-commons-2.6.jar;C:\Users\daria\.m2\repository\commons-io\commons-io\1.3.1\commons-io-1.3.1.jar;C:\Users\daria\.m2\repository\commons-logging\commons-logging\1.0.4\commons-logging-1.0.4.jar;F:\java-programming\batik-1.14\batik-css\target\classes;C:\Users\daria\.m2\repository\xml-apis\xml-apis-ext\1.3.04\xml-apis-ext-1.3.04.jar;F:\java-programming\batik-1.14\batik-dom\target\classes;F:\java-programming\batik-1.14\batik-ext\target\classes;F:\java-programming\batik-1.14\batik-xml\target\classes;C:\Users\daria\.m2\repository\xalan\xalan\2.7.2\xalan-2.7.2.jar;C:\Users\daria\.m2\repository\xalan\serializer\2.7.2\serializer-2.7.2.jar;C:\Users\daria\.m2\repository\xml-apis\xml-apis\1.4.01\xml-apis-1.4.01.jar;F:\java-programming\batik-1.14\batik-parser\target\classes;F:\java-programming\batik-1.14\batik-svg-dom\target\classes;F:\java-programming\batik-1.14\batik-bridge\target\classes;F:\java-programming\batik-1.14\batik-gvt\target\classes;F:\java-programming\batik-1.14\batik-script\target\classes;C:\Users\daria\.m2\repository\org\mozilla\rhino\1.7.7\rhino-1.7.7.jar;C:\Users\daria\.m2\repository\org\python\jython\2.7.0\jython-2.7.0.jar;F:
Launcher Type: SUN_STANDARD

[Global flags]
     intx CICompilerCount                          = 4                                         {product} {ergonomic}
     uint ConcGCThreads                            = 3                                         {product} {ergonomic}
     uint G1ConcRefinementThreads                  = 10                                        {product} {ergonomic}
   size_t G1HeapRegionSize                         = 2097152                                   {product} {ergonomic}
    uintx GCDrainStackTargetSize                   = 64                                        {product} {ergonomic}
   size_t InitialHeapSize                          = 268435456                                 {product} {ergonomic}
   size_t MarkStackSize                            = 4194304                                   {product} {ergonomic}
   size_t MaxHeapSize                              = 4282384384                                {product} {ergonomic}
   size_t MinHeapDeltaBytes                        = 2097152                                   {product} {ergonomic}
   size_t MinHeapSize                              = 8388608                                   {product} {ergonomic}
    uintx NonNMethodCodeHeapSize                   = 5839372                                {pd product} {ergonomic}
    uintx NonProfiledCodeHeapSize                  = 122909434                              {pd product} {ergonomic}
    uintx ProfiledCodeHeapSize                     = 122909434                              {pd product} {ergonomic}
    uintx ReservedCodeCacheSize                    = 251658240                              {pd product} {ergonomic}
     bool SegmentedCodeCache                       = true                                      {product} {ergonomic}
     bool ShowCodeDetailsInExceptionMessages       = true                                   {manageable} {command line}
   size_t SoftMaxHeapSize                          = 4282384384                             {manageable} {ergonomic}
     bool UseCompressedClassPointers               = true                                 {lp64_product} {ergonomic}
     bool UseCompressedOops                        = true                                 {lp64_product} {ergonomic}
     bool UseG1GC                                  = true                                      {product} {ergonomic}
     bool UseLargePagesIndividualAllocation        = false                                  {pd product} {ergonomic}

Logging:
Log output configuration:
 #0: stdout all=warning uptime,level,tags
 #1: stderr all=off uptime,level,tags

Environment Variables:
PATH=C:/Users/daria/.p2/pool/plugins/org.eclipse.justj.openjdk.hotspot.jre.full.win32.x86_64_15.0.2.v20210201-0955/jre/bin/server;C:/Users/daria/.p2/pool/plugins/org.eclipse.justj.openjdk.hotspot.jre.full.win32.x86_64_15.0.2.v20210201-0955/jre/bin;C:\Program Files (x86)\Razer Chroma SDK\bin;C:\Program Files\Razer Chroma SDK\bin;C:\Program Files\Common Files\Oracle\Java\javapath;C:\Program Files (x86)\Common Files\Oracle\Java\javapath;C:\Program Files (x86)\Razer\ChromaBroadcast\bin;C:\Program Files\Razer\ChromaBroadcast\bin;C:\Windows\system32;C:\Windows;C:\Windows\System32\Wbem;C:\Windows\System32\WindowsPowerShell\v1.0\;C:\Windows\System32\OpenSSH\;C:\Program Files\NVIDIA Corporation\NVIDIA NvDLISR;C:\Program Files (x86)\NVIDIA Corporation\PhysX\Common;C:\Program Files\Git\cmd;C:\Windows\system32\config\systemprofile\AppData\Local\Microsoft\WindowsApps;C:\Users\daria\AppData\Local\Microsoft\WindowsApps;E:\Users\Skorpion\AppData\Local\GitHubDesktop\bin;C:\Users\daria\AppData\Local\Programs\Microsoft VS Code\bin;E:\Python39\Scripts;C:\Users\daria\AppData\Local\Programs\Python\Python39\Scripts;C:\Program Files (x86)\Razer Chroma SDK\bin;C:\Program Files\Razer Chroma SDK\bin;C:\Program Files\Common Files\Oracle\Java\javapath;C:\Program Files (x86)\Common Files\Oracle\Java\javapath;C:\Program Files (x86)\Razer\ChromaBroadcast\bin;C:\Program Files\Razer\ChromaBroadcast\bin;C:\Windows\system32;C:\Windows;C:\Windows\System32\Wbem;C:\Windows\System32\WindowsPowerShell\v1.0\;C:\Windows\System32\OpenSSH\;C:\Program Files\NVIDIA Corporation\NVIDIA NvDLISR;C:\Program Files (x86)\NVIDIA Corporation\PhysX\Common;C:\Program Files\Git\cmd;C:\Windows\system32\config\systemprofile\AppData\Local\Microsoft\WindowsApps;C:\Users\daria\AppData\Local\Microsoft\WindowsApps;E:\Users\Skorpion\AppData\Local\GitHubDesktop\bin;C:\Users\daria\AppData\Local\Programs\Microsoft VS Code\bin;C:\Users\daria\AppData\Local\Microsoft\WindowsApps;E:\Users\Skorpion\AppData\Local\GitHubDesktop\bin;C:\Users\dar
USERNAME=daria
OS=Windows_NT
PROCESSOR_IDENTIFIER=AMD64 Family 23 Model 8 Stepping 2, AuthenticAMD



---------------  S Y S T E M  ---------------

OS:
 Windows 10 , 64 bit Build 19041 (10.0.19041.1023)
OS uptime: 0 days 6:55 hours

CPU: total 12 (initial active 12) (12 cores per cpu, 2 threads per core) family 23 model 8 stepping 2 microcode 0x0, cmov, cx8, fxsr, mmx, sse, sse2, sse3, ssse3, sse4.1, sse4.2, popcnt, vzeroupper, avx, avx2, aes, clmul, 3dnowpref, lzcnt, sse4a, ht, tsc, tscinvbit, tscinv, bmi1, bmi2, adx, sha, fma, clflush, clflushopt

Memory: 4k page, system-wide physical 16333M (2162M free)
TotalPageFile size 34333M (AvailPageFile size 107M)
current process WorkingSet (physical memory assigned to process): 10M, peak: 10M
current process commit charge ("private bytes"): 64M, peak: 320M

vm_info: OpenJDK 64-Bit Server VM (15.0.2+7-27) for windows-amd64 JRE (15.0.2+7-27), built on Dec  7 2020 20:02:38 by "mach5one" with unknown MS VC++:1925

END.
